<?xml version="1.0" ?>
<coverage branch-rate="0" line-rate="0.6667" timestamp="1437745880639" version="4.0a7">
	<!-- Generated by coverage.py: https://coverage.readthedocs.io/en/coverage-4.0a7 -->
	<!-- Based on https://raw.githubusercontent.com/cobertura/web/f0366e5e2cf18f111cbd61fc34ef720a6584ba02/htdocs/xml/coverage-03.dtd -->
	<sources>
		<source>/Users/ned/coverage/trunk/tests/farm/html/src</source>
	</sources>
	<packages>
		<package branch-rate="0" complexity="0" line-rate="0.6667" name=".">
			<classes>
				<class branch-rate="0" complexity="0" filename="a.py" line-rate="0.6667" name="a.py">
					<methods/>
					<lines>
						<line hits="1" number="6"/>
						<line hits="1" number="8"/>
						<line hits="0" number="10"/>
					</lines>
				</class>
			</classes>
		</package>
	</packages>
</coverage>
