<?xml version="1.0" ?>
<coverage branch-rate="0.5" branches-covered="1" branches-valid="2" complexity="0" line-rate="0.8" lines-covered="4" lines-valid="5" timestamp="1437745880882" version="4.0a7">
	<!-- Generated by coverage.py: https://coverage.readthedocs.io/en/coverage-4.0a7 -->
	<!-- Based on https://raw.githubusercontent.com/cobertura/web/master/htdocs/xml/coverage-04.dtd -->
	<sources>
		<source>/Users/ned/coverage/trunk/tests/farm/html/src</source>
	</sources>
	<packages>
		<package branch-rate="0.5" complexity="0" line-rate="0.8" name=".">
			<classes>
				<class branch-rate="0.5" complexity="0" filename="y.py" line-rate="0.8" name="y.py">
					<methods/>
					<lines>
						<line hits="1" number="6"/>
						<line branch="true" condition-coverage="50% (1/2)" hits="1" missing-branches="10" number="7"/>
						<line hits="1" number="8"/>
						<line hits="0" number="10"/>
						<line hits="1" number="12"/>
					</lines>
				</class>
			</classes>
		</package>
	</packages>
</coverage>
